c:\users\k_horie\desktop\git-bipl-sdnn-lib\bipl.sdnn\debug\bipl.sdnn.lib
c:\users\k_horie\desktop\git-bipl-sdnn-lib\bipl.sdnn\debug\bipl.sdnn.exp
c:\users\k_horie\desktop\git-bipl-sdnn-lib\bipl.sdnn\bipl.sdnn\debug\vc140.pdb
c:\users\k_horie\desktop\git-bipl-sdnn-lib\bipl.sdnn\bipl.sdnn\debug\vc140.idb
c:\users\k_horie\desktop\git-bipl-sdnn-lib\bipl.sdnn\bipl.sdnn\debug\bipl_lib_lexial.obj
c:\users\k_horie\desktop\git-bipl-sdnn-lib\bipl.sdnn\bipl.sdnn\debug\bipl_lib_numerical_formula_analysis.obj
c:\users\k_horie\desktop\git-bipl-sdnn-lib\bipl.sdnn\bipl.sdnn\debug\bipl_lib_parameters.obj
c:\users\k_horie\desktop\git-bipl-sdnn-lib\bipl.sdnn\bipl.sdnn\debug\bipl_lib_parameter_base.obj
c:\users\k_horie\desktop\git-bipl-sdnn-lib\bipl.sdnn\bipl.sdnn\debug\bipl_lib_parameter_error.obj
c:\users\k_horie\desktop\git-bipl-sdnn-lib\bipl.sdnn\bipl.sdnn\debug\bipl_lib_sdnn.obj
c:\users\k_horie\desktop\git-bipl-sdnn-lib\bipl.sdnn\bipl.sdnn\debug\bipl_lib_sdnn_nn_base.obj
c:\users\k_horie\desktop\git-bipl-sdnn-lib\bipl.sdnn\bipl.sdnn\debug\bipl_lib_sdnn_nn_pp.obj
c:\users\k_horie\desktop\git-bipl-sdnn-lib\bipl.sdnn\bipl.sdnn\debug\test.obj
c:\users\k_horie\desktop\git-bipl-sdnn-lib\bipl.sdnn\debug\bipl.sdnn.ilk
c:\users\k_horie\desktop\git-bipl-sdnn-lib\bipl.sdnn\debug\bipl.sdnn.dll
c:\users\k_horie\desktop\git-bipl-sdnn-lib\bipl.sdnn\debug\bipl.sdnn.pdb
c:\users\k_horie\desktop\git-bipl-sdnn-lib\bipl.sdnn\bipl.sdnn\debug\bipl.sdnn.tlog\bipl.sdnn.write.1u.tlog
c:\users\k_horie\desktop\git-bipl-sdnn-lib\bipl.sdnn\bipl.sdnn\debug\bipl.sdnn.tlog\cl.command.1.tlog
c:\users\k_horie\desktop\git-bipl-sdnn-lib\bipl.sdnn\bipl.sdnn\debug\bipl.sdnn.tlog\cl.read.1.tlog
c:\users\k_horie\desktop\git-bipl-sdnn-lib\bipl.sdnn\bipl.sdnn\debug\bipl.sdnn.tlog\cl.write.1.tlog
c:\users\k_horie\desktop\git-bipl-sdnn-lib\bipl.sdnn\bipl.sdnn\debug\bipl.sdnn.tlog\link.command.1.tlog
c:\users\k_horie\desktop\git-bipl-sdnn-lib\bipl.sdnn\bipl.sdnn\debug\bipl.sdnn.tlog\link.read.1.tlog
c:\users\k_horie\desktop\git-bipl-sdnn-lib\bipl.sdnn\bipl.sdnn\debug\bipl.sdnn.tlog\link.write.1.tlog
