f:\bipl.sdnn\bipl.sdnn\release\bipl.sdnn.pdb
f:\bipl.sdnn\bipl.sdnn\release\bipl_lib_sdnn_sd_single.obj
f:\bipl.sdnn\bipl.sdnn\release\bipl_lib_sdnn_sd_virtual.obj
f:\bipl.sdnn\bipl.sdnn\release\bipl_lib_sdnn_sd_multi.obj
f:\bipl.sdnn\bipl.sdnn\release\bipl_lib_sdnn_roc.obj
f:\bipl.sdnn\bipl.sdnn\release\bipl_lib_sdnn_pc.obj
f:\bipl.sdnn\bipl.sdnn\release\bipl_lib_sdnn_nn_virtual.obj
f:\bipl.sdnn\bipl.sdnn\release\bipl_lib_sdnn_nn_sp.obj
f:\bipl.sdnn\bipl.sdnn\release\bipl_lib_sdnn_nn_custom.obj
f:\bipl.sdnn\bipl.sdnn\release\bipl_lib_sdnn.obj
f:\bipl.sdnn\bipl.sdnn\release\bipl_lib_sdnn_factory.obj
f:\bipl.sdnn\bipl.sdnn\release\bipl_lib_sdnn_analysis.obj
f:\bipl.sdnn\bipl.sdnn\release\bipl_lib_sdnn_nn_pp.obj
f:\bipl.sdnn\release\bipl.sdnn.lib
f:\bipl.sdnn\bipl.sdnn\release\bipl.sdnn.vcxprojresolveassemblyreference.cache
f:\bipl.sdnn\bipl.sdnn\release\bipl.sdnn.tlog\cl.command.1.tlog
f:\bipl.sdnn\bipl.sdnn\release\bipl.sdnn.tlog\cl.read.1.tlog
f:\bipl.sdnn\bipl.sdnn\release\bipl.sdnn.tlog\cl.write.1.tlog
f:\bipl.sdnn\bipl.sdnn\release\bipl.sdnn.tlog\lib-link.read.1.tlog
f:\bipl.sdnn\bipl.sdnn\release\bipl.sdnn.tlog\lib-link.write.1.tlog
f:\bipl.sdnn\bipl.sdnn\release\bipl.sdnn.tlog\lib.command.1.tlog
