d:\bipl.sdnn\bipl.sdnn\x64\release\bipl.sdnn.pdb
d:\bipl.sdnn\bipl.sdnn\x64\release\bipl_lib_sdnn_sd_single.obj
d:\bipl.sdnn\bipl.sdnn\x64\release\bipl_lib_sdnn_sd_virtual.obj
d:\bipl.sdnn\bipl.sdnn\x64\release\bipl_lib_sdnn_pc.obj
d:\bipl.sdnn\bipl.sdnn\x64\release\bipl_lib_sdnn_parameters.obj
d:\bipl.sdnn\bipl.sdnn\x64\release\bipl_lib_sdnn_nn_pp.obj
d:\bipl.sdnn\bipl.sdnn\x64\release\bipl_lib_sdnn_nn_virtual.obj
d:\bipl.sdnn\bipl.sdnn\x64\release\bipl_lib_sdnn_nn_sp.obj
d:\bipl.sdnn\bipl.sdnn\x64\release\bipl_lib_sdnn_nn_custom.obj
d:\bipl.sdnn\bipl.sdnn\x64\release\bipl_lib_sdnn.obj
d:\bipl.sdnn\bipl.sdnn\x64\release\bipl_lib_sdnn_factory.obj
d:\bipl.sdnn\bipl.sdnn\x64\release\bipl_lib_utility.obj
d:\bipl.sdnn\bipl.sdnn\x64\release\bipl_lib_parameters_judgement.obj
d:\bipl.sdnn\bipl.sdnn\x64\release\bipl_lib_parameters.obj
d:\bipl.sdnn\bipl.sdnn\x64\release\bipl_lib_numerical_formula_analysis.obj
d:\bipl.sdnn\bipl.sdnn\x64\release\bipl_lib_lexial.obj
d:\bipl.sdnn\x64\release\bipl.sdnn.lib
d:\bipl.sdnn\bipl.sdnn\x64\release\bipl.sdnn.tlog\cl.command.1.tlog
d:\bipl.sdnn\bipl.sdnn\x64\release\bipl.sdnn.tlog\cl.read.1.tlog
d:\bipl.sdnn\bipl.sdnn\x64\release\bipl.sdnn.tlog\cl.write.1.tlog
d:\bipl.sdnn\bipl.sdnn\x64\release\bipl.sdnn.tlog\lib-link.read.1.tlog
d:\bipl.sdnn\bipl.sdnn\x64\release\bipl.sdnn.tlog\lib-link.write.1.tlog
d:\bipl.sdnn\bipl.sdnn\x64\release\bipl.sdnn.tlog\lib.command.1.tlog
